Enter testing mode.
House info found on Zillow.com.
Predict Price: 891466.5797844684
Last Sold Price: 1000000.0
House info found on Zillow.com.
Predict Price: 438133.33712529845
Last Sold Price: 415000.0
House info found on Zillow.com.
Predict Price: 632558.9741715922
Last Sold Price: 809000.0
House info found on Zillow.com.
Predict Price: 774405.4791123099
Last Sold Price: 701000.0
House info found on Zillow.com.
Predict Price: null
Last Sold Price: 150000.0
House info found on Zillow.com.
Predict Price: 349278.3496728849
Last Sold Price: 348000.0
House info found on Zillow.com.
Predict Price: 459121.40316118684
Last Sold Price: 420000.0
House info found on Zillow.com.
Predict Price: 724327.4153339718
Last Sold Price: 761000.0
House info found on Zillow.com.
Predict Price: 656085.6813785217
Last Sold Price: 235000.0
House info found on Zillow.com.
Predict Price: 340344.94837997796
Last Sold Price: 370000.0
House info found on Zillow.com.
Predict Price: 237430.32430422708
Last Sold Price: 275000.0
House info found on Zillow.com.
Predict Price: 522214.73493404884
Last Sold Price: 480000.0
House info found on Zillow.com.
Predict Price: 437018.2550047268
Last Sold Price: 425000.0
House info found on Zillow.com.
Predict Price: 436309.84066280094
Last Sold Price: 425000.0
House info found on Zillow.com.
Predict Price: 415809.73013689177
Last Sold Price: 451000.0
House info found on Zillow.com.
Predict Price: 834080.8136869787
Last Sold Price: 920000.0
House info found on Zillow.com.
Predict Price: 501886.93543371686
Last Sold Price: 591500.0
House info found on Zillow.com.
Predict Price: 646738.1741316603
Last Sold Price: 705000.0
House info found on Zillow.com.
Predict Price: 636850.580400716
Last Sold Price: 740000.0
House info found on Zillow.com.
Predict Price: 455067.7985023322
Last Sold Price: 420000.0
House info found on Zillow.com.
Predict Price: 943001.699862088
Last Sold Price: 1000000.0
House info found on Zillow.com.
Predict Price: 433820.95072738023
Last Sold Price: 425000.0
House info found on Zillow.com.
Predict Price: 680964.7849968813
Last Sold Price: 619900.0
House info found on Zillow.com.
Predict Price: 340093.7946749876
Last Sold Price: 369900.0
House info found on Zillow.com.
Predict Price: 712175.1175610258
Last Sold Price: 620000.0
House info found on Zillow.com.
Predict Price: 444608.057246804
Last Sold Price: 555000.0
House info found on Zillow.com.
Predict Price: 681449.1383082275
Last Sold Price: 690000.0
House info found on Zillow.com.
Predict Price: 421125.47920942935
Last Sold Price: 496500.0
House info found on Zillow.com.
Predict Price: 410130.184268245
Last Sold Price: 415000.0
House info found on Zillow.com.
Predict Price: 526141.3113868758
Last Sold Price: 565000.0
House info found on Zillow.com.
Predict Price: 381397.60239461577
Last Sold Price: 432000.0
House info found on Zillow.com.
Predict Price: 336631.3132613017
Last Sold Price: 350000.0
House info found on Zillow.com.
Predict Price: 530633.4804872709
Last Sold Price: 405000.0
House info found on Zillow.com.
Predict Price: 449182.01407273114
Last Sold Price: 430000.0
House info found on Zillow.com.
Predict Price: 487342.8533731007
Last Sold Price: 568000.0
House info found on Zillow.com.
Predict Price: 425995.7346067154
Last Sold Price: 496500.0
House info found on Zillow.com.
Predict Price: 727085.8689235789
Last Sold Price: 859300.0
House info found on Zillow.com.
Predict Price: 365567.4309767265
Last Sold Price: 358000.0
House info found on Zillow.com.
