äºŒæœˆ 23, 2017 6:29:18 ä¸Šåˆ HousePricePredictor main
è³‡è¨Š: program start
äºŒæœˆ 23, 2017 6:30:21 ä¸Šåˆ HousePricePredictor main
è³‡è¨Š: program start
äºŒæœˆ 23, 2017 6:30:47 ä¸Šåˆ HousePricePredictor main
è³‡è¨Š: program start
äºŒæœˆ 23, 2017 6:30:58 ä¸Šåˆ HousePricePredictor main
è³‡è¨Š: program start
äºŒæœˆ 23, 2017 6:39:56 ä¸Šåˆ HousePricePredictor main
è³‡è¨Š: program start
äºŒæœˆ 23, 2017 6:43:25 ä¸Šåˆ HousePricePredictor main
è³‡è¨Š: program start
äºŒæœˆ 23, 2017 6:43:53 ä¸Šåˆ HousePricePredictor main
è³‡è¨Š: program start
äºŒæœˆ 23, 2017 6:46:42 ä¸Šåˆ HousePricePredictor main
è³‡è¨Š: program start
äºŒæœˆ 23, 2017 6:47:30 ä¸Šåˆ HousePricePredictor main
è³‡è¨Š: program start
äºŒæœˆ 23, 2017 6:49:24 ä¸Šåˆ HousePricePredictor main
è³‡è¨Š: program start
äºŒæœˆ 23, 2017 6:50:09 ä¸Šåˆ HousePricePredictor main
è³‡è¨Š: program start
äºŒæœˆ 23, 2017 6:52:52 ä¸Šåˆ HousePricePredictor main
è³‡è¨Š: program start
äºŒæœˆ 23, 2017 6:58:20 ä¸Šåˆ HousePricePredictor main
è³‡è¨Š: program start
äºŒæœˆ 23, 2017 7:04:57 ä¸Šåˆ HousePricePredictor main
è³‡è¨Š: program start
äºŒæœˆ 23, 2017 7:09:37 ä¸Šåˆ HousePricePredictor main
è³‡è¨Š: program start
äºŒæœˆ 23, 2017 7:33:52 ä¸Šåˆ HousePricePredictor main
è³‡è¨Š: program start
äºŒæœˆ 23, 2017 7:43:11 ä¸Šåˆ HousePricePredictor main
è³‡è¨Š: program start
äºŒæœˆ 23, 2017 7:43:44 ä¸Šåˆ HousePricePredictor main
è³‡è¨Š: program start
äºŒæœˆ 23, 2017 7:44:09 ä¸Šåˆ HousePricePredictor main
è³‡è¨Š: program start
äºŒæœˆ 23, 2017 7:47:25 ä¸Šåˆ HousePricePredictor main
è³‡è¨Š: program start
äºŒæœˆ 23, 2017 7:52:41 ä¸Šåˆ HousePricePredictor main
è³‡è¨Š: program start
äºŒæœˆ 23, 2017 7:56:55 ä¸Šåˆ HousePricePredictor main
è³‡è¨Š: program start
äºŒæœˆ 23, 2017 8:05:21 ä¸Šåˆ HousePricePredictor main
è³‡è¨Š: program start
Feb 23, 2017 8:15:35 AM HousePricePredictor main
¸ê°T: program start
Feb 23, 2017 8:18:35 AM HousePricePredictor main
¸ê°T: program start
Feb 23, 2017 8:22:40 AM HousePricePredictor main
¸ê°T: program start
Feb 23, 2017 8:23:13 AM HousePricePredictor main
¸ê°T: program start
Feb 23, 2017 8:36:08 AM HousePricePredictor main
¸ê°T: program start
Feb 27, 2017 5:17:46 PM HousePricePredictor main
¸ê°T: program start
Feb 27, 2017 5:20:01 PM HousePricePredictor main
¸ê°T: program start
Feb 27, 2017 5:22:12 PM HousePricePredictor main
¸ê°T: program start
Feb 27, 2017 5:23:20 PM HousePricePredictor main
¸ê°T: program start
Feb 27, 2017 5:24:46 PM HousePricePredictor main
¸ê°T: program start
Feb 27, 2017 5:27:03 PM HousePricePredictor main
¸ê°T: program start
Feb 27, 2017 5:28:16 PM HousePricePredictor main
¸ê°T: program start
Feb 27, 2017 5:30:09 PM HousePricePredictor main
¸ê°T: program start
Feb 27, 2017 6:11:49 PM HousePricePredictor main
¸ê°T: program start
Feb 27, 2017 6:13:05 PM HousePricePredictor main
¸ê°T: program start
Feb 27, 2017 6:24:10 PM HousePricePredictor main
¸ê°T: program start
Feb 27, 2017 6:30:43 PM HousePricePredictor main
¸ê°T: program start
Feb 27, 2017 6:32:19 PM HousePricePredictor main
¸ê°T: program start
Feb 27, 2017 6:37:15 PM HousePricePredictor main
¸ê°T: program start
Feb 27, 2017 6:38:02 PM HousePricePredictor main
¸ê°T: program start
Feb 27, 2017 6:38:31 PM HousePricePredictor main
¸ê°T: program start
Feb 27, 2017 6:40:49 PM HousePricePredictor main
¸ê°T: program start
Feb 27, 2017 6:41:56 PM HousePricePredictor main
¸ê°T: program start
Feb 27, 2017 6:44:49 PM HousePricePredictor main
¸ê°T: program start
Feb 27, 2017 6:45:01 PM HousePricePredictor main
¸ê°T: program start
Feb 27, 2017 6:49:38 PM HousePricePredictor main
¸ê°T: program start
Feb 27, 2017 6:50:02 PM HousePricePredictor main
¸ê°T: program start
Feb 27, 2017 6:52:00 PM HousePricePredictor main
¸ê°T: program start
Feb 27, 2017 6:52:13 PM HousePricePredictor main
¸ê°T: program start
Feb 27, 2017 6:54:32 PM HousePricePredictor main
¸ê°T: program start
Feb 27, 2017 6:57:07 PM HousePricePredictor main
¸ê°T: program start
Feb 27, 2017 7:00:44 PM HousePricePredictor main
¸ê°T: program start
Feb 27, 2017 7:05:08 PM HousePricePredictor main
¸ê°T: program start
Feb 27, 2017 7:05:38 PM HousePricePredictor main
¸ê°T: program start
Feb 27, 2017 7:06:15 PM HousePricePredictor main
¸ê°T: program start
Feb 27, 2017 7:11:28 PM HousePricePredictor main
¸ê°T: program start
Feb 27, 2017 7:11:53 PM HousePricePredictor main
¸ê°T: program start
Feb 27, 2017 7:16:44 PM HousePricePredictor main
¸ê°T: program start
Feb 27, 2017 7:18:25 PM HousePricePredictor main
¸ê°T: program start
Feb 27, 2017 7:22:05 PM HousePricePredictor main
¸ê°T: program start
Feb 27, 2017 7:22:23 PM HousePricePredictor main
¸ê°T: program start
Feb 27, 2017 7:23:21 PM HousePricePredictor main
¸ê°T: program start
Feb 27, 2017 7:25:32 PM HousePricePredictor main
¸ê°T: program start
Feb 27, 2017 7:25:43 PM HousePricePredictor main
¸ê°T: program start
Feb 27, 2017 7:27:12 PM HousePricePredictor main
¸ê°T: program start
Feb 27, 2017 7:28:35 PM HousePricePredictor main
¸ê°T: program start
Feb 27, 2017 7:33:36 PM HousePricePredictor main
¸ê°T: program start
Feb 27, 2017 9:35:14 PM HousePricePredictor main
¸ê°T: program start
Feb 27, 2017 11:22:12 PM HousePricePredictor main
¸ê°T: program start
